{"/home/marcelo/www/app-bmc/api-fipe/src/app.ts": {"path":"/home/marcelo/www/app-bmc/api-fipe/src/app.ts","statementMap":{"0":{"start":{"line":1,"column":0},"end":{"line":1,"column":29}},"1":{"start":{"line":3,"column":13},"end":{"line":5,"column":null}}},"fnMap":{},"branchMap":{},"s":{"0":0,"1":0},"f":{},"b":{}}
,"/home/marcelo/www/app-bmc/api-fipe/src/server.ts": {"path":"/home/marcelo/www/app-bmc/api-fipe/src/server.ts","statementMap":{"0":{"start":{"line":1,"column":0},"end":{"line":1,"column":27}},"1":{"start":{"line":2,"column":0},"end":{"line":2,"column":39}},"2":{"start":{"line":3,"column":0},"end":{"line":3,"column":37}},"3":{"start":{"line":4,"column":0},"end":{"line":4,"column":48}},"4":{"start":{"line":5,"column":0},"end":{"line":5,"column":42}},"5":{"start":{"line":6,"column":0},"end":{"line":6,"column":50}},"6":{"start":{"line":7,"column":0},"end":{"line":7,"column":42}},"7":{"start":{"line":8,"column":0},"end":{"line":8,"column":27}},"8":{"start":{"line":9,"column":0},"end":{"line":9,"column":46}},"9":{"start":{"line":11,"column":13},"end":{"line":11,"column":21}},"10":{"start":{"line":14,"column":2},"end":{"line":37,"column":3}},"11":{"start":{"line":16,"column":4},"end":{"line":16,"column":null}},"12":{"start":{"line":19,"column":4},"end":{"line":21,"column":null}},"13":{"start":{"line":24,"column":4},"end":{"line":24,"column":null}},"14":{"start":{"line":27,"column":4},"end":{"line":27,"column":null}},"15":{"start":{"line":28,"column":4},"end":{"line":28,"column":null}},"16":{"start":{"line":29,"column":4},"end":{"line":29,"column":null}},"17":{"start":{"line":30,"column":4},"end":{"line":30,"column":null}},"18":{"start":{"line":32,"column":4},"end":{"line":32,"column":null}},"19":{"start":{"line":33,"column":4},"end":{"line":33,"column":null}},"20":{"start":{"line":35,"column":4},"end":{"line":35,"column":null}},"21":{"start":{"line":36,"column":4},"end":{"line":36,"column":null}},"22":{"start":{"line":40,"column":0},"end":{"line":40,"column":null}}},"fnMap":{"0":{"name":"start","decl":{"start":{"line":13,"column":15},"end":{"line":13,"column":20}},"loc":{"start":{"line":13,"column":20},"end":{"line":38,"column":1}}}},"branchMap":{},"s":{"0":0,"1":0,"2":0,"3":0,"4":0,"5":0,"6":0,"7":0,"8":0,"9":0,"10":0,"11":0,"12":0,"13":0,"14":0,"15":0,"16":0,"17":0,"18":0,"19":0,"20":0,"21":0,"22":0},"f":{"0":0},"b":{}}
,"/home/marcelo/www/app-bmc/api-fipe/src/config/axios.ts": {"path":"/home/marcelo/www/app-bmc/api-fipe/src/config/axios.ts","statementMap":{"0":{"start":{"line":1,"column":0},"end":{"line":1,"column":25}},"1":{"start":{"line":2,"column":0},"end":{"line":2,"column":51}},"2":{"start":{"line":3,"column":0},"end":{"line":3,"column":28}},"3":{"start":{"line":6,"column":17},"end":{"line":6,"column":50}},"4":{"start":{"line":8,"column":0},"end":{"line":16,"column":1}},"5":{"start":{"line":9,"column":16},"end":{"line":9,"column":45}},"6":{"start":{"line":11,"column":2},"end":{"line":11,"column":null}},"7":{"start":{"line":12,"column":2},"end":{"line":12,"column":null}},"8":{"start":{"line":13,"column":2},"end":{"line":13,"column":null}},"9":{"start":{"line":15,"column":2},"end":{"line":15,"column":null}},"10":{"start":{"line":19,"column":0},"end":{"line":67,"column":1}},"11":{"start":{"line":20,"column":2},"end":{"line":44,"column":null}},"12":{"start":{"line":22,"column":6},"end":{"line":22,"column":null}},"13":{"start":{"line":23,"column":6},"end":{"line":23,"column":null}},"14":{"start":{"line":24,"column":6},"end":{"line":24,"column":null}},"15":{"start":{"line":25,"column":6},"end":{"line":25,"column":null}},"16":{"start":{"line":26,"column":6},"end":{"line":26,"column":null}},"17":{"start":{"line":27,"column":6},"end":{"line":27,"column":null}},"18":{"start":{"line":30,"column":20},"end":{"line":30,"column":36}},"19":{"start":{"line":31,"column":6},"end":{"line":34,"column":7}},"20":{"start":{"line":32,"column":29},"end":{"line":32,"column":74}},"21":{"start":{"line":33,"column":8},"end":{"line":33,"column":null}},"22":{"start":{"line":35,"column":6},"end":{"line":35,"column":null}},"23":{"start":{"line":36,"column":6},"end":{"line":36,"column":null}},"24":{"start":{"line":38,"column":6},"end":{"line":38,"column":null}},"25":{"start":{"line":41,"column":6},"end":{"line":41,"column":null}},"26":{"start":{"line":42,"column":6},"end":{"line":42,"column":null}},"27":{"start":{"line":46,"column":2},"end":{"line":66,"column":null}},"28":{"start":{"line":48,"column":6},"end":{"line":48,"column":null}},"29":{"start":{"line":49,"column":6},"end":{"line":49,"column":null}},"30":{"start":{"line":50,"column":6},"end":{"line":50,"column":null}},"31":{"start":{"line":51,"column":6},"end":{"line":52,"column":null}},"32":{"start":{"line":53,"column":6},"end":{"line":53,"column":null}},"33":{"start":{"line":55,"column":6},"end":{"line":55,"column":null}},"34":{"start":{"line":58,"column":6},"end":{"line":58,"column":null}},"35":{"start":{"line":59,"column":6},"end":{"line":59,"column":null}},"36":{"start":{"line":60,"column":6},"end":{"line":60,"column":null}},"37":{"start":{"line":61,"column":6},"end":{"line":61,"column":null}},"38":{"start":{"line":62,"column":6},"end":{"line":62,"column":null}},"39":{"start":{"line":64,"column":6},"end":{"line":64,"column":null}},"40":{"start":{"line":69,"column":0},"end":{"line":69,"column":null}}},"fnMap":{"0":{"name":"(anonymous_1)","decl":{"start":{"line":21,"column":4},"end":{"line":21,"column":5}},"loc":{"start":{"line":21,"column":15},"end":{"line":39,"column":5}}},"1":{"name":"(anonymous_2)","decl":{"start":{"line":40,"column":4},"end":{"line":40,"column":5}},"loc":{"start":{"line":40,"column":14},"end":{"line":43,"column":5}}},"2":{"name":"(anonymous_3)","decl":{"start":{"line":47,"column":4},"end":{"line":47,"column":5}},"loc":{"start":{"line":47,"column":17},"end":{"line":56,"column":5}}},"3":{"name":"(anonymous_4)","decl":{"start":{"line":57,"column":4},"end":{"line":57,"column":5}},"loc":{"start":{"line":57,"column":14},"end":{"line":65,"column":5}}}},"branchMap":{"0":{"loc":{"start":{"line":6,"column":17},"end":{"line":6,"column":50}},"type":"binary-expr","locations":[{"start":{"line":6,"column":17},"end":{"line":6,"column":32}},{"start":{"line":6,"column":36},"end":{"line":6,"column":50}}]},"1":{"loc":{"start":{"line":8,"column":0},"end":{"line":16,"column":1}},"type":"if","locations":[{"start":{"line":8,"column":0},"end":{"line":16,"column":1}},{"start":{},"end":{}}]},"2":{"loc":{"start":{"line":19,"column":0},"end":{"line":67,"column":1}},"type":"if","locations":[{"start":{"line":19,"column":0},"end":{"line":67,"column":1}},{"start":{},"end":{}}]},"3":{"loc":{"start":{"line":26,"column":33},"end":{"line":26,"column":56}},"type":"binary-expr","locations":[{"start":{"line":26,"column":33},"end":{"line":26,"column":47}},{"start":{"line":26,"column":51},"end":{"line":26,"column":56}}]},"4":{"loc":{"start":{"line":27,"column":31},"end":{"line":27,"column":48}},"type":"binary-expr","locations":[{"start":{"line":27,"column":31},"end":{"line":27,"column":39}},{"start":{"line":27,"column":43},"end":{"line":27,"column":48}}]},"5":{"loc":{"start":{"line":30,"column":20},"end":{"line":30,"column":36}},"type":"binary-expr","locations":[{"start":{"line":30,"column":20},"end":{"line":30,"column":30}},{"start":{"line":30,"column":34},"end":{"line":30,"column":36}}]},"6":{"loc":{"start":{"line":31,"column":6},"end":{"line":34,"column":7}},"type":"if","locations":[{"start":{"line":31,"column":6},"end":{"line":34,"column":7}},{"start":{},"end":{}}]}},"s":{"0":4,"1":4,"2":4,"3":4,"4":4,"5":4,"6":4,"7":4,"8":4,"9":4,"10":4,"11":0,"12":0,"13":0,"14":0,"15":0,"16":0,"17":0,"18":0,"19":0,"20":0,"21":0,"22":0,"23":0,"24":0,"25":0,"26":0,"27":0,"28":0,"29":0,"30":0,"31":0,"32":0,"33":0,"34":0,"35":0,"36":0,"37":0,"38":0,"39":0,"40":4},"f":{"0":0,"1":0,"2":0,"3":0},"b":{"0":[4,0],"1":[4,0],"2":[0,4],"3":[0,0],"4":[0,0],"5":[0,0],"6":[0,0]}}
,"/home/marcelo/www/app-bmc/api-fipe/src/env/index.ts": {"path":"/home/marcelo/www/app-bmc/api-fipe/src/env/index.ts","statementMap":{"0":{"start":{"line":1,"column":0},"end":{"line":1,"column":23}},"1":{"start":{"line":3,"column":18},"end":{"line":21,"column":2}},"2":{"start":{"line":23,"column":13},"end":{"line":23,"column":45}},"3":{"start":{"line":25,"column":0},"end":{"line":28,"column":1}},"4":{"start":{"line":26,"column":2},"end":{"line":26,"column":null}},"5":{"start":{"line":27,"column":2},"end":{"line":27,"column":null}},"6":{"start":{"line":30,"column":13},"end":{"line":30,"column":null}}},"fnMap":{},"branchMap":{"0":{"loc":{"start":{"line":25,"column":0},"end":{"line":28,"column":1}},"type":"if","locations":[{"start":{"line":25,"column":0},"end":{"line":28,"column":1}},{"start":{},"end":{}}]}},"s":{"0":4,"1":4,"2":4,"3":4,"4":0,"5":0,"6":4},"f":{},"b":{"0":[0,4]}}
,"/home/marcelo/www/app-bmc/api-fipe/src/lib/fipe-api.ts": {"path":"/home/marcelo/www/app-bmc/api-fipe/src/lib/fipe-api.ts","statementMap":{"0":{"start":{"line":1,"column":0},"end":{"line":1,"column":28}},"1":{"start":{"line":33,"column":20},"end":{"line":33,"column":37}},"2":{"start":{"line":37,"column":21},"end":{"line":37,"column":73}},"3":{"start":{"line":38,"column":4},"end":{"line":40,"column":5}},"4":{"start":{"line":39,"column":6},"end":{"line":39,"column":null}},"5":{"start":{"line":41,"column":4},"end":{"line":41,"column":null}},"6":{"start":{"line":49,"column":16},"end":{"line":49,"column":75}},"7":{"start":{"line":50,"column":21},"end":{"line":50,"column":37}},"8":{"start":{"line":52,"column":4},"end":{"line":54,"column":5}},"9":{"start":{"line":53,"column":6},"end":{"line":53,"column":null}},"10":{"start":{"line":55,"column":4},"end":{"line":55,"column":null}},"11":{"start":{"line":64,"column":16},"end":{"line":65,"column":46}},"12":{"start":{"line":67,"column":21},"end":{"line":67,"column":37}},"13":{"start":{"line":69,"column":4},"end":{"line":71,"column":5}},"14":{"start":{"line":70,"column":6},"end":{"line":70,"column":null}},"15":{"start":{"line":72,"column":4},"end":{"line":72,"column":null}},"16":{"start":{"line":82,"column":16},"end":{"line":83,"column":58}},"17":{"start":{"line":85,"column":21},"end":{"line":85,"column":37}},"18":{"start":{"line":87,"column":4},"end":{"line":89,"column":5}},"19":{"start":{"line":88,"column":6},"end":{"line":88,"column":null}},"20":{"start":{"line":90,"column":4},"end":{"line":90,"column":null}},"21":{"start":{"line":94,"column":4},"end":{"line":94,"column":null}},"22":{"start":{"line":32,"column":0},"end":{"line":32,"column":13}},"23":{"start":{"line":98,"column":13},"end":{"line":98,"column":null}}},"fnMap":{"0":{"name":"(anonymous_0)","decl":{"start":{"line":36,"column":2},"end":{"line":36,"column":7}},"loc":{"start":{"line":36,"column":42},"end":{"line":42,"column":3}}},"1":{"name":"(anonymous_1)","decl":{"start":{"line":45,"column":2},"end":{"line":45,"column":7}},"loc":{"start":{"line":47,"column":21},"end":{"line":56,"column":3}}},"2":{"name":"(anonymous_2)","decl":{"start":{"line":59,"column":2},"end":{"line":59,"column":7}},"loc":{"start":{"line":62,"column":21},"end":{"line":73,"column":3}}},"3":{"name":"(anonymous_3)","decl":{"start":{"line":76,"column":2},"end":{"line":76,"column":7}},"loc":{"start":{"line":80,"column":20},"end":{"line":91,"column":3}}},"4":{"name":"(anonymous_4)","decl":{"start":{"line":93,"column":2},"end":{"line":93,"column":8}},"loc":{"start":{"line":93,"column":40},"end":{"line":95,"column":3}}}},"branchMap":{"0":{"loc":{"start":{"line":38,"column":4},"end":{"line":40,"column":5}},"type":"if","locations":[{"start":{"line":38,"column":4},"end":{"line":40,"column":5}},{"start":{},"end":{}}]},"1":{"loc":{"start":{"line":52,"column":4},"end":{"line":54,"column":5}},"type":"if","locations":[{"start":{"line":52,"column":4},"end":{"line":54,"column":5}},{"start":{},"end":{}}]},"2":{"loc":{"start":{"line":69,"column":4},"end":{"line":71,"column":5}},"type":"if","locations":[{"start":{"line":69,"column":4},"end":{"line":71,"column":5}},{"start":{},"end":{}}]},"3":{"loc":{"start":{"line":87,"column":4},"end":{"line":89,"column":5}},"type":"if","locations":[{"start":{"line":87,"column":4},"end":{"line":89,"column":5}},{"start":{},"end":{}}]}},"s":{"0":0,"1":0,"2":0,"3":0,"4":0,"5":0,"6":0,"7":0,"8":0,"9":0,"10":0,"11":0,"12":0,"13":0,"14":0,"15":0,"16":0,"17":0,"18":0,"19":0,"20":0,"21":0,"22":0,"23":0},"f":{"0":0,"1":0,"2":0,"3":0,"4":0},"b":{"0":[0,0],"1":[0,0],"2":[0,0],"3":[0,0]}}
,"/home/marcelo/www/app-bmc/api-fipe/src/middleware/auth.ts": {"path":"/home/marcelo/www/app-bmc/api-fipe/src/middleware/auth.ts","statementMap":{"0":{"start":{"line":1,"column":0},"end":{"line":1,"column":27}},"1":{"start":{"line":3,"column":0},"end":{"line":3,"column":30}},"2":{"start":{"line":15,"column":2},"end":{"line":46,"column":3}},"3":{"start":{"line":16,"column":23},"end":{"line":16,"column":52}},"4":{"start":{"line":18,"column":4},"end":{"line":22,"column":5}},"5":{"start":{"line":19,"column":6},"end":{"line":21,"column":null}},"6":{"start":{"line":24,"column":18},"end":{"line":24,"column":51}},"7":{"start":{"line":26,"column":4},"end":{"line":30,"column":5}},"8":{"start":{"line":27,"column":6},"end":{"line":29,"column":null}},"9":{"start":{"line":33,"column":6},"end":{"line":33,"column":67}},"10":{"start":{"line":35,"column":20},"end":{"line":35,"column":63}},"11":{"start":{"line":37,"column":4},"end":{"line":41,"column":null}},"12":{"start":{"line":43,"column":4},"end":{"line":45,"column":null}},"13":{"start":{"line":11,"column":0},"end":{"line":11,"column":7}}},"fnMap":{"0":{"name":"authenticate","decl":{"start":{"line":11,"column":22},"end":{"line":11,"column":34}},"loc":{"start":{"line":13,"column":21},"end":{"line":47,"column":1}}}},"branchMap":{"0":{"loc":{"start":{"line":18,"column":4},"end":{"line":22,"column":5}},"type":"if","locations":[{"start":{"line":18,"column":4},"end":{"line":22,"column":5}},{"start":{},"end":{}}]},"1":{"loc":{"start":{"line":26,"column":4},"end":{"line":30,"column":5}},"type":"if","locations":[{"start":{"line":26,"column":4},"end":{"line":30,"column":5}},{"start":{},"end":{}}]},"2":{"loc":{"start":{"line":33,"column":6},"end":{"line":33,"column":67}},"type":"binary-expr","locations":[{"start":{"line":33,"column":6},"end":{"line":33,"column":28}},{"start":{"line":33,"column":32},"end":{"line":33,"column":46}},{"start":{"line":33,"column":50},"end":{"line":33,"column":67}}]}},"s":{"0":4,"1":4,"2":42,"3":42,"4":42,"5":11,"6":31,"7":31,"8":0,"9":31,"10":31,"11":29,"12":2,"13":4},"f":{"0":42},"b":{"0":[11,31],"1":[0,31],"2":[31,0,0]}}
,"/home/marcelo/www/app-bmc/api-fipe/src/routes/auth.ts": {"path":"/home/marcelo/www/app-bmc/api-fipe/src/routes/auth.ts","statementMap":{"0":{"start":{"line":2,"column":0},"end":{"line":2,"column":45}},"1":{"start":{"line":3,"column":0},"end":{"line":3,"column":23}},"2":{"start":{"line":4,"column":0},"end":{"line":4,"column":29}},"3":{"start":{"line":5,"column":0},"end":{"line":5,"column":35}},"4":{"start":{"line":6,"column":0},"end":{"line":6,"column":27}},"5":{"start":{"line":8,"column":15},"end":{"line":8,"column":33}},"6":{"start":{"line":20,"column":20},"end":{"line":23,"column":2}},"7":{"start":{"line":25,"column":22},"end":{"line":27,"column":2}},"8":{"start":{"line":31,"column":2},"end":{"line":103,"column":null}},"9":{"start":{"line":35,"column":4},"end":{"line":102,"column":5}},"10":{"start":{"line":36,"column":34},"end":{"line":36,"column":61}},"11":{"start":{"line":39,"column":19},"end":{"line":49,"column":8}},"12":{"start":{"line":51,"column":6},"end":{"line":53,"column":7}},"13":{"start":{"line":52,"column":8},"end":{"line":52,"column":null}},"14":{"start":{"line":56,"column":30},"end":{"line":56,"column":75}},"15":{"start":{"line":57,"column":6},"end":{"line":59,"column":7}},"16":{"start":{"line":58,"column":8},"end":{"line":58,"column":null}},"17":{"start":{"line":62,"column":26},"end":{"line":68,"column":null}},"18":{"start":{"line":71,"column":27},"end":{"line":71,"column":39}},"19":{"start":{"line":74,"column":6},"end":{"line":83,"column":null}},"20":{"start":{"line":85,"column":6},"end":{"line":94,"column":null}},"21":{"start":{"line":96,"column":6},"end":{"line":101,"column":null}},"22":{"start":{"line":106,"column":2},"end":{"line":157,"column":null}},"23":{"start":{"line":110,"column":4},"end":{"line":156,"column":5}},"24":{"start":{"line":111,"column":31},"end":{"line":111,"column":60}},"25":{"start":{"line":114,"column":24},"end":{"line":117,"column":8}},"26":{"start":{"line":119,"column":6},"end":{"line":124,"column":7}},"27":{"start":{"line":120,"column":8},"end":{"line":123,"column":null}},"28":{"start":{"line":126,"column":6},"end":{"line":128,"column":7}},"29":{"start":{"line":127,"column":8},"end":{"line":127,"column":null}},"30":{"start":{"line":131,"column":26},"end":{"line":137,"column":null}},"31":{"start":{"line":140,"column":6},"end":{"line":148,"column":null}},"32":{"start":{"line":150,"column":6},"end":{"line":155,"column":null}},"33":{"start":{"line":160,"column":2},"end":{"line":181,"column":null}},"34":{"start":{"line":164,"column":4},"end":{"line":180,"column":5}},"35":{"start":{"line":165,"column":31},"end":{"line":165,"column":60}},"36":{"start":{"line":168,"column":6},"end":{"line":170,"column":null}},"37":{"start":{"line":172,"column":6},"end":{"line":172,"column":null}},"38":{"start":{"line":174,"column":6},"end":{"line":179,"column":null}},"39":{"start":{"line":184,"column":2},"end":{"line":212,"column":null}},"40":{"start":{"line":187,"column":24},"end":{"line":187,"column":55}},"41":{"start":{"line":189,"column":4},"end":{"line":191,"column":5}},"42":{"start":{"line":190,"column":6},"end":{"line":190,"column":null}},"43":{"start":{"line":194,"column":21},"end":{"line":205,"column":6}},"44":{"start":{"line":207,"column":4},"end":{"line":209,"column":5}},"45":{"start":{"line":208,"column":6},"end":{"line":208,"column":null}},"46":{"start":{"line":211,"column":4},"end":{"line":211,"column":null}},"47":{"start":{"line":29,"column":0},"end":{"line":29,"column":7}}},"fnMap":{"0":{"name":"authRoutes","decl":{"start":{"line":29,"column":22},"end":{"line":29,"column":32}},"loc":{"start":{"line":29,"column":53},"end":{"line":213,"column":1}}},"1":{"name":"(anonymous_2)","decl":{"start":{"line":31,"column":26},"end":{"line":31,"column":31}},"loc":{"start":{"line":34,"column":6},"end":{"line":103,"column":3}}},"2":{"name":"(anonymous_3)","decl":{"start":{"line":106,"column":28},"end":{"line":106,"column":33}},"loc":{"start":{"line":109,"column":6},"end":{"line":157,"column":3}}},"3":{"name":"(anonymous_4)","decl":{"start":{"line":160,"column":27},"end":{"line":160,"column":32}},"loc":{"start":{"line":163,"column":6},"end":{"line":181,"column":3}}},"4":{"name":"(anonymous_5)","decl":{"start":{"line":186,"column":5},"end":{"line":186,"column":10}},"loc":{"start":{"line":186,"column":60},"end":{"line":212,"column":3}}}},"branchMap":{"0":{"loc":{"start":{"line":51,"column":6},"end":{"line":53,"column":7}},"type":"if","locations":[{"start":{"line":51,"column":6},"end":{"line":53,"column":7}},{"start":{},"end":{}}]},"1":{"loc":{"start":{"line":51,"column":10},"end":{"line":51,"column":34}},"type":"binary-expr","locations":[{"start":{"line":51,"column":10},"end":{"line":51,"column":15}},{"start":{"line":51,"column":19},"end":{"line":51,"column":34}}]},"2":{"loc":{"start":{"line":57,"column":6},"end":{"line":59,"column":7}},"type":"if","locations":[{"start":{"line":57,"column":6},"end":{"line":59,"column":7}},{"start":{},"end":{}}]},"3":{"loc":{"start":{"line":98,"column":17},"end":{"line":100,"column":31}},"type":"cond-expr","locations":[{"start":{"line":99,"column":12},"end":{"line":99,"column":25}},{"start":{"line":100,"column":12},"end":{"line":100,"column":31}}]},"4":{"loc":{"start":{"line":119,"column":6},"end":{"line":124,"column":7}},"type":"if","locations":[{"start":{"line":119,"column":6},"end":{"line":124,"column":7}},{"start":{},"end":{}}]},"5":{"loc":{"start":{"line":119,"column":10},"end":{"line":119,"column":57}},"type":"binary-expr","locations":[{"start":{"line":119,"column":10},"end":{"line":119,"column":20}},{"start":{"line":119,"column":24},"end":{"line":119,"column":57}}]},"6":{"loc":{"start":{"line":126,"column":6},"end":{"line":128,"column":7}},"type":"if","locations":[{"start":{"line":126,"column":6},"end":{"line":128,"column":7}},{"start":{},"end":{}}]},"7":{"loc":{"start":{"line":152,"column":17},"end":{"line":154,"column":31}},"type":"cond-expr","locations":[{"start":{"line":153,"column":12},"end":{"line":153,"column":25}},{"start":{"line":154,"column":12},"end":{"line":154,"column":31}}]},"8":{"loc":{"start":{"line":176,"column":17},"end":{"line":178,"column":31}},"type":"cond-expr","locations":[{"start":{"line":177,"column":12},"end":{"line":177,"column":25}},{"start":{"line":178,"column":12},"end":{"line":178,"column":31}}]},"9":{"loc":{"start":{"line":189,"column":4},"end":{"line":191,"column":5}},"type":"if","locations":[{"start":{"line":189,"column":4},"end":{"line":191,"column":5}},{"start":{},"end":{}}]},"10":{"loc":{"start":{"line":189,"column":8},"end":{"line":189,"column":52}},"type":"binary-expr","locations":[{"start":{"line":189,"column":8},"end":{"line":189,"column":25}},{"start":{"line":189,"column":29},"end":{"line":189,"column":52}}]},"11":{"loc":{"start":{"line":207,"column":4},"end":{"line":209,"column":5}},"type":"if","locations":[{"start":{"line":207,"column":4},"end":{"line":209,"column":5}},{"start":{},"end":{}}]}},"s":{"0":4,"1":4,"2":4,"3":4,"4":4,"5":4,"6":4,"7":4,"8":4,"9":28,"10":28,"11":26,"12":26,"13":2,"14":24,"15":24,"16":1,"17":23,"18":23,"19":23,"20":23,"21":2,"22":4,"23":3,"24":3,"25":3,"26":3,"27":2,"28":1,"29":0,"30":1,"31":1,"32":0,"33":4,"34":2,"35":2,"36":2,"37":1,"38":1,"39":4,"40":1,"41":1,"42":0,"43":1,"44":1,"45":0,"46":1,"47":4},"f":{"0":4,"1":28,"2":3,"3":2,"4":1},"b":{"0":[2,24],"1":[26,25],"2":[1,23],"3":[2,0],"4":[2,1],"5":[3,2],"6":[0,1],"7":[0,0],"8":[1,0],"9":[0,1],"10":[1,1],"11":[0,1]}}
,"/home/marcelo/www/app-bmc/api-fipe/src/routes/fipe.ts": {"path":"/home/marcelo/www/app-bmc/api-fipe/src/routes/fipe.ts","statementMap":{"0":{"start":{"line":2,"column":0},"end":{"line":2,"column":34}},"1":{"start":{"line":3,"column":0},"end":{"line":3,"column":35}},"2":{"start":{"line":4,"column":0},"end":{"line":4,"column":28}},"3":{"start":{"line":8,"column":2},"end":{"line":39,"column":null}},"4":{"start":{"line":11,"column":4},"end":{"line":38,"column":5}},"5":{"start":{"line":12,"column":6},"end":{"line":12,"column":null}},"6":{"start":{"line":14,"column":27},"end":{"line":25,"column":null}},"7":{"start":{"line":27,"column":6},"end":{"line":27,"column":null}},"8":{"start":{"line":28,"column":6},"end":{"line":28,"column":null}},"9":{"start":{"line":30,"column":6},"end":{"line":30,"column":null}},"10":{"start":{"line":32,"column":6},"end":{"line":37,"column":null}},"11":{"start":{"line":42,"column":2},"end":{"line":85,"column":null}},"12":{"start":{"line":45,"column":4},"end":{"line":84,"column":5}},"13":{"start":{"line":46,"column":30},"end":{"line":46,"column":71}},"14":{"start":{"line":47,"column":6},"end":{"line":47,"column":null}},"15":{"start":{"line":50,"column":25},"end":{"line":50,"column":48}},"16":{"start":{"line":51,"column":6},"end":{"line":57,"column":7}},"17":{"start":{"line":52,"column":8},"end":{"line":56,"column":null}},"18":{"start":{"line":59,"column":23},"end":{"line":64,"column":10}},"19":{"start":{"line":66,"column":6},"end":{"line":66,"column":null}},"20":{"start":{"line":67,"column":6},"end":{"line":67,"column":null}},"21":{"start":{"line":69,"column":6},"end":{"line":69,"column":null}},"22":{"start":{"line":71,"column":6},"end":{"line":76,"column":7}},"23":{"start":{"line":72,"column":8},"end":{"line":75,"column":null}},"24":{"start":{"line":78,"column":6},"end":{"line":83,"column":null}},"25":{"start":{"line":88,"column":2},"end":{"line":135,"column":null}},"26":{"start":{"line":91,"column":4},"end":{"line":134,"column":5}},"27":{"start":{"line":92,"column":39},"end":{"line":92,"column":null}},"28":{"start":{"line":96,"column":6},"end":{"line":97,"column":null}},"29":{"start":{"line":100,"column":25},"end":{"line":100,"column":48}},"30":{"start":{"line":101,"column":6},"end":{"line":107,"column":7}},"31":{"start":{"line":102,"column":8},"end":{"line":106,"column":null}},"32":{"start":{"line":109,"column":23},"end":{"line":114,"column":10}},"33":{"start":{"line":116,"column":6},"end":{"line":116,"column":null}},"34":{"start":{"line":117,"column":6},"end":{"line":117,"column":null}},"35":{"start":{"line":119,"column":6},"end":{"line":119,"column":null}},"36":{"start":{"line":121,"column":6},"end":{"line":126,"column":7}},"37":{"start":{"line":122,"column":8},"end":{"line":125,"column":null}},"38":{"start":{"line":128,"column":6},"end":{"line":133,"column":null}},"39":{"start":{"line":138,"column":2},"end":{"line":165,"column":null}},"40":{"start":{"line":141,"column":4},"end":{"line":164,"column":5}},"41":{"start":{"line":142,"column":6},"end":{"line":142,"column":null}},"42":{"start":{"line":144,"column":23},"end":{"line":144,"column":73}},"43":{"start":{"line":146,"column":6},"end":{"line":146,"column":null}},"44":{"start":{"line":147,"column":6},"end":{"line":147,"column":null}},"45":{"start":{"line":149,"column":6},"end":{"line":149,"column":null}},"46":{"start":{"line":151,"column":6},"end":{"line":156,"column":7}},"47":{"start":{"line":152,"column":8},"end":{"line":155,"column":null}},"48":{"start":{"line":158,"column":6},"end":{"line":163,"column":null}},"49":{"start":{"line":168,"column":2},"end":{"line":248,"column":null}},"50":{"start":{"line":171,"column":4},"end":{"line":247,"column":5}},"51":{"start":{"line":172,"column":48},"end":{"line":172,"column":null}},"52":{"start":{"line":178,"column":6},"end":{"line":180,"column":null}},"53":{"start":{"line":183,"column":25},"end":{"line":183,"column":48}},"54":{"start":{"line":184,"column":6},"end":{"line":190,"column":7}},"55":{"start":{"line":185,"column":8},"end":{"line":189,"column":null}},"56":{"start":{"line":193,"column":6},"end":{"line":199,"column":7}},"57":{"start":{"line":194,"column":8},"end":{"line":198,"column":null}},"58":{"start":{"line":201,"column":6},"end":{"line":206,"column":null}},"59":{"start":{"line":208,"column":23},"end":{"line":215,"column":null}},"60":{"start":{"line":218,"column":6},"end":{"line":226,"column":null}},"61":{"start":{"line":228,"column":6},"end":{"line":228,"column":null}},"62":{"start":{"line":229,"column":6},"end":{"line":229,"column":null}},"63":{"start":{"line":231,"column":6},"end":{"line":231,"column":null}},"64":{"start":{"line":233,"column":6},"end":{"line":239,"column":7}},"65":{"start":{"line":234,"column":8},"end":{"line":238,"column":null}},"66":{"start":{"line":241,"column":6},"end":{"line":246,"column":null}},"67":{"start":{"line":251,"column":2},"end":{"line":355,"column":null}},"68":{"start":{"line":254,"column":54},"end":{"line":254,"column":null}},"69":{"start":{"line":261,"column":4},"end":{"line":354,"column":5}},"70":{"start":{"line":262,"column":6},"end":{"line":265,"column":null}},"71":{"start":{"line":268,"column":25},"end":{"line":268,"column":58}},"72":{"start":{"line":269,"column":6},"end":{"line":274,"column":7}},"73":{"start":{"line":270,"column":8},"end":{"line":273,"column":null}},"74":{"start":{"line":278,"column":8},"end":{"line":279,"column":36}},"75":{"start":{"line":281,"column":23},"end":{"line":285,"column":8}},"76":{"start":{"line":288,"column":26},"end":{"line":288,"column":39}},"77":{"start":{"line":290,"column":26},"end":{"line":310,"column":null}},"78":{"start":{"line":312,"column":6},"end":{"line":315,"column":null}},"79":{"start":{"line":316,"column":6},"end":{"line":316,"column":null}},"80":{"start":{"line":318,"column":6},"end":{"line":321,"column":null}},"81":{"start":{"line":323,"column":6},"end":{"line":323,"column":null}},"82":{"start":{"line":326,"column":6},"end":{"line":342,"column":7}},"83":{"start":{"line":328,"column":8},"end":{"line":334,"column":9}},"84":{"start":{"line":329,"column":10},"end":{"line":333,"column":null}},"85":{"start":{"line":336,"column":8},"end":{"line":341,"column":9}},"86":{"start":{"line":337,"column":10},"end":{"line":340,"column":null}},"87":{"start":{"line":345,"column":27},"end":{"line":347,"column":29}},"88":{"start":{"line":349,"column":6},"end":{"line":353,"column":null}},"89":{"start":{"line":358,"column":2},"end":{"line":448,"column":null}},"90":{"start":{"line":361,"column":45},"end":{"line":361,"column":null}},"91":{"start":{"line":367,"column":4},"end":{"line":447,"column":5}},"92":{"start":{"line":368,"column":6},"end":{"line":370,"column":null}},"93":{"start":{"line":373,"column":25},"end":{"line":373,"column":58}},"94":{"start":{"line":374,"column":6},"end":{"line":379,"column":7}},"95":{"start":{"line":375,"column":8},"end":{"line":378,"column":null}},"96":{"start":{"line":383,"column":8},"end":{"line":384,"column":26}},"97":{"start":{"line":387,"column":23},"end":{"line":391,"column":8}},"98":{"start":{"line":394,"column":25},"end":{"line":394,"column":38}},"99":{"start":{"line":397,"column":6},"end":{"line":402,"column":7}},"100":{"start":{"line":398,"column":8},"end":{"line":401,"column":null}},"101":{"start":{"line":405,"column":20},"end":{"line":411,"column":null}},"102":{"start":{"line":413,"column":6},"end":{"line":416,"column":null}},"103":{"start":{"line":418,"column":6},"end":{"line":422,"column":null}},"104":{"start":{"line":424,"column":6},"end":{"line":424,"column":null}},"105":{"start":{"line":427,"column":6},"end":{"line":441,"column":7}},"106":{"start":{"line":428,"column":8},"end":{"line":433,"column":9}},"107":{"start":{"line":429,"column":10},"end":{"line":432,"column":null}},"108":{"start":{"line":435,"column":8},"end":{"line":440,"column":9}},"109":{"start":{"line":436,"column":10},"end":{"line":439,"column":null}},"110":{"start":{"line":443,"column":6},"end":{"line":446,"column":null}},"111":{"start":{"line":6,"column":0},"end":{"line":6,"column":7}}},"fnMap":{"0":{"name":"fipeRoutes","decl":{"start":{"line":6,"column":22},"end":{"line":6,"column":32}},"loc":{"start":{"line":6,"column":53},"end":{"line":449,"column":1}}},"1":{"name":"(anonymous_2)","decl":{"start":{"line":10,"column":5},"end":{"line":10,"column":10}},"loc":{"start":{"line":10,"column":60},"end":{"line":39,"column":3}}},"2":{"name":"(anonymous_3)","decl":{"start":{"line":44,"column":5},"end":{"line":44,"column":10}},"loc":{"start":{"line":44,"column":30},"end":{"line":85,"column":3}}},"3":{"name":"(anonymous_4)","decl":{"start":{"line":90,"column":5},"end":{"line":90,"column":10}},"loc":{"start":{"line":90,"column":30},"end":{"line":135,"column":3}}},"4":{"name":"(anonymous_5)","decl":{"start":{"line":140,"column":5},"end":{"line":140,"column":10}},"loc":{"start":{"line":140,"column":60},"end":{"line":165,"column":3}}},"5":{"name":"(anonymous_6)","decl":{"start":{"line":170,"column":5},"end":{"line":170,"column":10}},"loc":{"start":{"line":170,"column":30},"end":{"line":248,"column":3}}},"6":{"name":"(anonymous_7)","decl":{"start":{"line":253,"column":5},"end":{"line":253,"column":10}},"loc":{"start":{"line":253,"column":60},"end":{"line":355,"column":3}}},"7":{"name":"(anonymous_8)","decl":{"start":{"line":360,"column":5},"end":{"line":360,"column":10}},"loc":{"start":{"line":360,"column":60},"end":{"line":448,"column":3}}}},"branchMap":{"0":{"loc":{"start":{"line":34,"column":17},"end":{"line":36,"column":31}},"type":"cond-expr","locations":[{"start":{"line":35,"column":12},"end":{"line":35,"column":25}},{"start":{"line":36,"column":12},"end":{"line":36,"column":31}}]},"1":{"loc":{"start":{"line":51,"column":6},"end":{"line":57,"column":7}},"type":"if","locations":[{"start":{"line":51,"column":6},"end":{"line":57,"column":7}},{"start":{},"end":{}}]},"2":{"loc":{"start":{"line":71,"column":6},"end":{"line":76,"column":7}},"type":"if","locations":[{"start":{"line":71,"column":6},"end":{"line":76,"column":7}},{"start":{},"end":{}}]},"3":{"loc":{"start":{"line":71,"column":10},"end":{"line":71,"column":55}},"type":"binary-expr","locations":[{"start":{"line":71,"column":10},"end":{"line":71,"column":37}},{"start":{"line":71,"column":41},"end":{"line":71,"column":55}}]},"4":{"loc":{"start":{"line":80,"column":17},"end":{"line":82,"column":31}},"type":"cond-expr","locations":[{"start":{"line":81,"column":12},"end":{"line":81,"column":25}},{"start":{"line":82,"column":12},"end":{"line":82,"column":31}}]},"5":{"loc":{"start":{"line":101,"column":6},"end":{"line":107,"column":7}},"type":"if","locations":[{"start":{"line":101,"column":6},"end":{"line":107,"column":7}},{"start":{},"end":{}}]},"6":{"loc":{"start":{"line":121,"column":6},"end":{"line":126,"column":7}},"type":"if","locations":[{"start":{"line":121,"column":6},"end":{"line":126,"column":7}},{"start":{},"end":{}}]},"7":{"loc":{"start":{"line":121,"column":10},"end":{"line":121,"column":55}},"type":"binary-expr","locations":[{"start":{"line":121,"column":10},"end":{"line":121,"column":37}},{"start":{"line":121,"column":41},"end":{"line":121,"column":55}}]},"8":{"loc":{"start":{"line":130,"column":17},"end":{"line":132,"column":31}},"type":"cond-expr","locations":[{"start":{"line":131,"column":12},"end":{"line":131,"column":25}},{"start":{"line":132,"column":12},"end":{"line":132,"column":31}}]},"9":{"loc":{"start":{"line":151,"column":6},"end":{"line":156,"column":7}},"type":"if","locations":[{"start":{"line":151,"column":6},"end":{"line":156,"column":7}},{"start":{},"end":{}}]},"10":{"loc":{"start":{"line":151,"column":10},"end":{"line":151,"column":55}},"type":"binary-expr","locations":[{"start":{"line":151,"column":10},"end":{"line":151,"column":37}},{"start":{"line":151,"column":41},"end":{"line":151,"column":55}}]},"11":{"loc":{"start":{"line":160,"column":17},"end":{"line":162,"column":31}},"type":"cond-expr","locations":[{"start":{"line":161,"column":12},"end":{"line":161,"column":25}},{"start":{"line":162,"column":12},"end":{"line":162,"column":31}}]},"12":{"loc":{"start":{"line":184,"column":6},"end":{"line":190,"column":7}},"type":"if","locations":[{"start":{"line":184,"column":6},"end":{"line":190,"column":7}},{"start":{},"end":{}}]},"13":{"loc":{"start":{"line":193,"column":6},"end":{"line":199,"column":7}},"type":"if","locations":[{"start":{"line":193,"column":6},"end":{"line":199,"column":7}},{"start":{},"end":{}}]},"14":{"loc":{"start":{"line":193,"column":10},"end":{"line":193,"column":58}},"type":"binary-expr","locations":[{"start":{"line":193,"column":10},"end":{"line":193,"column":32}},{"start":{"line":193,"column":36},"end":{"line":193,"column":58}}]},"15":{"loc":{"start":{"line":220,"column":20},"end":{"line":222,"column":17}},"type":"cond-expr","locations":[{"start":{"line":221,"column":12},"end":{"line":221,"column":32}},{"start":{"line":222,"column":12},"end":{"line":222,"column":17}}]},"16":{"loc":{"start":{"line":223,"column":20},"end":{"line":225,"column":25}},"type":"cond-expr","locations":[{"start":{"line":224,"column":12},"end":{"line":224,"column":37}},{"start":{"line":225,"column":12},"end":{"line":225,"column":25}}]},"17":{"loc":{"start":{"line":233,"column":6},"end":{"line":239,"column":7}},"type":"if","locations":[{"start":{"line":233,"column":6},"end":{"line":239,"column":7}},{"start":{},"end":{}}]},"18":{"loc":{"start":{"line":233,"column":10},"end":{"line":233,"column":55}},"type":"binary-expr","locations":[{"start":{"line":233,"column":10},"end":{"line":233,"column":37}},{"start":{"line":233,"column":41},"end":{"line":233,"column":55}}]},"19":{"loc":{"start":{"line":237,"column":19},"end":{"line":237,"column":65}},"type":"binary-expr","locations":[{"start":{"line":237,"column":19},"end":{"line":237,"column":38}},{"start":{"line":237,"column":42},"end":{"line":237,"column":65}}]},"20":{"loc":{"start":{"line":243,"column":17},"end":{"line":245,"column":31}},"type":"cond-expr","locations":[{"start":{"line":244,"column":12},"end":{"line":244,"column":25}},{"start":{"line":245,"column":12},"end":{"line":245,"column":31}}]},"21":{"loc":{"start":{"line":269,"column":6},"end":{"line":274,"column":7}},"type":"if","locations":[{"start":{"line":269,"column":6},"end":{"line":274,"column":7}},{"start":{},"end":{}}]},"22":{"loc":{"start":{"line":305,"column":22},"end":{"line":305,"column":52}},"type":"binary-expr","locations":[{"start":{"line":305,"column":22},"end":{"line":305,"column":46}},{"start":{"line":305,"column":50},"end":{"line":305,"column":52}}]},"23":{"loc":{"start":{"line":326,"column":6},"end":{"line":342,"column":7}},"type":"if","locations":[{"start":{"line":326,"column":6},"end":{"line":342,"column":7}},{"start":{},"end":{}}]},"24":{"loc":{"start":{"line":328,"column":8},"end":{"line":334,"column":9}},"type":"if","locations":[{"start":{"line":328,"column":8},"end":{"line":334,"column":9}},{"start":{},"end":{}}]},"25":{"loc":{"start":{"line":336,"column":8},"end":{"line":341,"column":9}},"type":"if","locations":[{"start":{"line":336,"column":8},"end":{"line":341,"column":9}},{"start":{},"end":{}}]},"26":{"loc":{"start":{"line":345,"column":27},"end":{"line":347,"column":29}},"type":"cond-expr","locations":[{"start":{"line":346,"column":10},"end":{"line":346,"column":23}},{"start":{"line":347,"column":10},"end":{"line":347,"column":29}}]},"27":{"loc":{"start":{"line":374,"column":6},"end":{"line":379,"column":7}},"type":"if","locations":[{"start":{"line":374,"column":6},"end":{"line":379,"column":7}},{"start":{},"end":{}}]},"28":{"loc":{"start":{"line":397,"column":6},"end":{"line":402,"column":7}},"type":"if","locations":[{"start":{"line":397,"column":6},"end":{"line":402,"column":7}},{"start":{},"end":{}}]},"29":{"loc":{"start":{"line":427,"column":6},"end":{"line":441,"column":7}},"type":"if","locations":[{"start":{"line":427,"column":6},"end":{"line":441,"column":7}},{"start":{},"end":{}}]},"30":{"loc":{"start":{"line":428,"column":8},"end":{"line":433,"column":9}},"type":"if","locations":[{"start":{"line":428,"column":8},"end":{"line":433,"column":9}},{"start":{},"end":{}}]},"31":{"loc":{"start":{"line":435,"column":8},"end":{"line":440,"column":9}},"type":"if","locations":[{"start":{"line":435,"column":8},"end":{"line":440,"column":9}},{"start":{},"end":{}}]}},"s":{"0":4,"1":4,"2":4,"3":4,"4":1,"5":1,"6":1,"7":1,"8":1,"9":0,"10":0,"11":4,"12":5,"13":5,"14":5,"15":5,"16":5,"17":1,"18":4,"19":4,"20":4,"21":0,"22":0,"23":0,"24":0,"25":4,"26":3,"27":3,"28":3,"29":3,"30":3,"31":1,"32":2,"33":2,"34":2,"35":0,"36":0,"37":0,"38":0,"39":4,"40":1,"41":1,"42":1,"43":1,"44":1,"45":0,"46":0,"47":0,"48":0,"49":4,"50":3,"51":3,"52":3,"53":3,"54":3,"55":1,"56":2,"57":1,"58":1,"59":1,"60":1,"61":1,"62":1,"63":0,"64":0,"65":0,"66":0,"67":4,"68":2,"69":2,"70":2,"71":2,"72":2,"73":1,"74":1,"75":1,"76":0,"77":0,"78":0,"79":0,"80":0,"81":1,"82":1,"83":1,"84":1,"85":0,"86":0,"87":0,"88":0,"89":4,"90":2,"91":2,"92":2,"93":2,"94":2,"95":1,"96":1,"97":1,"98":0,"99":0,"100":0,"101":0,"102":0,"103":0,"104":1,"105":1,"106":1,"107":1,"108":0,"109":0,"110":0,"111":4},"f":{"0":4,"1":1,"2":5,"3":3,"4":1,"5":3,"6":2,"7":2},"b":{"0":[0,0],"1":[1,4],"2":[0,0],"3":[0,0],"4":[0,0],"5":[1,2],"6":[0,0],"7":[0,0],"8":[0,0],"9":[0,0],"10":[0,0],"11":[0,0],"12":[1,2],"13":[1,1],"14":[2,1],"15":[1,0],"16":[1,0],"17":[0,0],"18":[0,0],"19":[0,0],"20":[0,0],"21":[1,1],"22":[0,0],"23":[1,0],"24":[1,0],"25":[0,0],"26":[0,0],"27":[1,1],"28":[0,0],"29":[1,0],"30":[1,0],"31":[0,0]}}
,"/home/marcelo/www/app-bmc/api-fipe/src/routes/health.ts": {"path":"/home/marcelo/www/app-bmc/api-fipe/src/routes/health.ts","statementMap":{"0":{"start":{"line":2,"column":0},"end":{"line":2,"column":25}},"1":{"start":{"line":6,"column":2},"end":{"line":93,"column":null}},"2":{"start":{"line":7,"column":4},"end":{"line":92,"column":5}},"3":{"start":{"line":8,"column":22},"end":{"line":8,"column":44}},"4":{"start":{"line":11,"column":25},"end":{"line":21,"column":null}},"5":{"start":{"line":24,"column":6},"end":{"line":79,"column":7}},"6":{"start":{"line":25,"column":8},"end":{"line":78,"column":9}},"7":{"start":{"line":26,"column":10},"end":{"line":26,"column":null}},"8":{"start":{"line":27,"column":10},"end":{"line":27,"column":null}},"9":{"start":{"line":28,"column":10},"end":{"line":28,"column":null}},"10":{"start":{"line":31,"column":35},"end":{"line":31,"column":76}},"11":{"start":{"line":34,"column":10},"end":{"line":51,"column":null}},"12":{"start":{"line":53,"column":10},"end":{"line":53,"column":null}},"13":{"start":{"line":55,"column":10},"end":{"line":55,"column":null}},"14":{"start":{"line":58,"column":10},"end":{"line":77,"column":null}},"15":{"start":{"line":81,"column":6},"end":{"line":81,"column":null}},"16":{"start":{"line":83,"column":6},"end":{"line":83,"column":null}},"17":{"start":{"line":85,"column":6},"end":{"line":85,"column":null}},"18":{"start":{"line":87,"column":6},"end":{"line":91,"column":null}},"19":{"start":{"line":4,"column":0},"end":{"line":4,"column":7}}},"fnMap":{"0":{"name":"healthRoutes","decl":{"start":{"line":4,"column":22},"end":{"line":4,"column":34}},"loc":{"start":{"line":4,"column":55},"end":{"line":94,"column":1}}},"1":{"name":"(anonymous_8)","decl":{"start":{"line":6,"column":21},"end":{"line":6,"column":26}},"loc":{"start":{"line":6,"column":76},"end":{"line":93,"column":3}}},"2":{"name":"(anonymous_9)","decl":{"start":{"line":8,"column":22},"end":{"line":8,"column":35}},"loc":{"start":{"line":8,"column":22},"end":{"line":8,"column":44}}}},"branchMap":{"0":{"loc":{"start":{"line":24,"column":6},"end":{"line":79,"column":7}},"type":"if","locations":[{"start":{"line":24,"column":6},"end":{"line":79,"column":7}},{"start":{},"end":{}}]},"1":{"loc":{"start":{"line":43,"column":26},"end":{"line":43,"column":61}},"type":"binary-expr","locations":[{"start":{"line":43,"column":26},"end":{"line":43,"column":40}},{"start":{"line":43,"column":44},"end":{"line":43,"column":61}}]},"2":{"loc":{"start":{"line":44,"column":27},"end":{"line":44,"column":63}},"type":"binary-expr","locations":[{"start":{"line":44,"column":27},"end":{"line":44,"column":42}},{"start":{"line":44,"column":46},"end":{"line":44,"column":63}}]},"3":{"loc":{"start":{"line":67,"column":26},"end":{"line":67,"column":61}},"type":"binary-expr","locations":[{"start":{"line":67,"column":26},"end":{"line":67,"column":40}},{"start":{"line":67,"column":44},"end":{"line":67,"column":61}}]},"4":{"loc":{"start":{"line":68,"column":27},"end":{"line":68,"column":63}},"type":"binary-expr","locations":[{"start":{"line":68,"column":27},"end":{"line":68,"column":42}},{"start":{"line":68,"column":46},"end":{"line":68,"column":63}}]},"5":{"loc":{"start":{"line":72,"column":23},"end":{"line":74,"column":39}},"type":"cond-expr","locations":[{"start":{"line":73,"column":20},"end":{"line":73,"column":45}},{"start":{"line":74,"column":20},"end":{"line":74,"column":39}}]}},"s":{"0":4,"1":4,"2":5,"3":10,"4":5,"5":5,"6":4,"7":4,"8":4,"9":4,"10":4,"11":4,"12":4,"13":0,"14":0,"15":5,"16":5,"17":0,"18":0,"19":4},"f":{"0":4,"1":5,"2":5},"b":{"0":[4,1],"1":[4,0],"2":[4,0],"3":[0,0],"4":[0,0],"5":[0,0]}}
,"/home/marcelo/www/app-bmc/api-fipe/src/routes/partners.ts": {"path":"/home/marcelo/www/app-bmc/api-fipe/src/routes/partners.ts","statementMap":{"0":{"start":{"line":2,"column":0},"end":{"line":2,"column":45}},"1":{"start":{"line":3,"column":0},"end":{"line":3,"column":23}},"2":{"start":{"line":4,"column":0},"end":{"line":4,"column":49}},"3":{"start":{"line":6,"column":15},"end":{"line":6,"column":33}},"4":{"start":{"line":9,"column":31},"end":{"line":11,"column":2}},"5":{"start":{"line":13,"column":32},"end":{"line":23,"column":2}},"6":{"start":{"line":19,"column":6},"end":{"line":19,"column":null}},"7":{"start":{"line":19,"column":26},"end":{"line":19,"column":null}},"8":{"start":{"line":20,"column":6},"end":{"line":20,"column":null}},"9":{"start":{"line":20,"column":27},"end":{"line":20,"column":null}},"10":{"start":{"line":21,"column":6},"end":{"line":21,"column":null}},"11":{"start":{"line":27,"column":2},"end":{"line":89,"column":null}},"12":{"start":{"line":28,"column":4},"end":{"line":28,"column":null}},"13":{"start":{"line":30,"column":4},"end":{"line":88,"column":5}},"14":{"start":{"line":31,"column":38},"end":{"line":31,"column":78}},"15":{"start":{"line":33,"column":19},"end":{"line":33,"column":37}},"16":{"start":{"line":34,"column":27},"end":{"line":34,"column":29}},"17":{"start":{"line":36,"column":6},"end":{"line":38,"column":7}},"18":{"start":{"line":37,"column":8},"end":{"line":37,"column":null}},"19":{"start":{"line":40,"column":32},"end":{"line":56,"column":8}},"20":{"start":{"line":59,"column":39},"end":{"line":59,"column":41}},"21":{"start":{"line":61,"column":6},"end":{"line":70,"column":7}},"22":{"start":{"line":62,"column":29},"end":{"line":64,"column":10}},"23":{"start":{"line":66,"column":8},"end":{"line":69,"column":null}},"24":{"start":{"line":72,"column":6},"end":{"line":80,"column":null}},"25":{"start":{"line":82,"column":6},"end":{"line":87,"column":null}},"26":{"start":{"line":92,"column":2},"end":{"line":130,"column":null}},"27":{"start":{"line":93,"column":4},"end":{"line":93,"column":null}},"28":{"start":{"line":95,"column":4},"end":{"line":129,"column":5}},"29":{"start":{"line":96,"column":21},"end":{"line":96,"column":61}},"30":{"start":{"line":98,"column":22},"end":{"line":115,"column":8}},"31":{"start":{"line":117,"column":6},"end":{"line":119,"column":7}},"32":{"start":{"line":118,"column":8},"end":{"line":118,"column":null}},"33":{"start":{"line":121,"column":6},"end":{"line":121,"column":null}},"34":{"start":{"line":123,"column":6},"end":{"line":128,"column":null}},"35":{"start":{"line":133,"column":2},"end":{"line":186,"column":null}},"36":{"start":{"line":134,"column":4},"end":{"line":134,"column":null}},"37":{"start":{"line":136,"column":4},"end":{"line":185,"column":5}},"38":{"start":{"line":142,"column":10},"end":{"line":158,"column":8}},"39":{"start":{"line":160,"column":26},"end":{"line":166,"column":11}},"40":{"start":{"line":163,"column":12},"end":{"line":163,"column":40}},"41":{"start":{"line":168,"column":6},"end":{"line":177,"column":null}},"42":{"start":{"line":179,"column":6},"end":{"line":184,"column":null}},"43":{"start":{"line":25,"column":0},"end":{"line":25,"column":7}}},"fnMap":{"0":{"name":"(anonymous_0)","decl":{"start":{"line":18,"column":15},"end":{"line":18,"column":16}},"loc":{"start":{"line":18,"column":23},"end":{"line":22,"column":5}}},"1":{"name":"partnersRoutes","decl":{"start":{"line":25,"column":22},"end":{"line":25,"column":36}},"loc":{"start":{"line":25,"column":57},"end":{"line":187,"column":1}}},"2":{"name":"(anonymous_2)","decl":{"start":{"line":27,"column":23},"end":{"line":27,"column":28}},"loc":{"start":{"line":27,"column":42},"end":{"line":89,"column":3}}},"3":{"name":"(anonymous_3)","decl":{"start":{"line":92,"column":27},"end":{"line":92,"column":32}},"loc":{"start":{"line":92,"column":46},"end":{"line":130,"column":3}}},"4":{"name":"(anonymous_4)","decl":{"start":{"line":133,"column":29},"end":{"line":133,"column":34}},"loc":{"start":{"line":133,"column":48},"end":{"line":186,"column":3}}},"5":{"name":"(anonymous_5)","decl":{"start":{"line":162,"column":10},"end":{"line":162,"column":11}},"loc":{"start":{"line":163,"column":12},"end":{"line":163,"column":40}}}},"branchMap":{"0":{"loc":{"start":{"line":19,"column":6},"end":{"line":19,"column":null}},"type":"if","locations":[{"start":{"line":19,"column":6},"end":{"line":19,"column":null}},{"start":{},"end":{}}]},"1":{"loc":{"start":{"line":20,"column":6},"end":{"line":20,"column":null}},"type":"if","locations":[{"start":{"line":20,"column":6},"end":{"line":20,"column":null}},{"start":{},"end":{}}]},"2":{"loc":{"start":{"line":36,"column":6},"end":{"line":38,"column":7}},"type":"if","locations":[{"start":{"line":36,"column":6},"end":{"line":38,"column":7}},{"start":{},"end":{}}]},"3":{"loc":{"start":{"line":84,"column":17},"end":{"line":86,"column":31}},"type":"cond-expr","locations":[{"start":{"line":85,"column":12},"end":{"line":85,"column":25}},{"start":{"line":86,"column":12},"end":{"line":86,"column":31}}]},"4":{"loc":{"start":{"line":117,"column":6},"end":{"line":119,"column":7}},"type":"if","locations":[{"start":{"line":117,"column":6},"end":{"line":119,"column":7}},{"start":{},"end":{}}]},"5":{"loc":{"start":{"line":125,"column":17},"end":{"line":127,"column":31}},"type":"cond-expr","locations":[{"start":{"line":126,"column":12},"end":{"line":126,"column":25}},{"start":{"line":127,"column":12},"end":{"line":127,"column":31}}]},"6":{"loc":{"start":{"line":160,"column":26},"end":{"line":166,"column":11}},"type":"cond-expr","locations":[{"start":{"line":161,"column":10},"end":{"line":165,"column":40}},{"start":{"line":166,"column":10},"end":{"line":166,"column":11}}]},"7":{"loc":{"start":{"line":181,"column":17},"end":{"line":183,"column":31}},"type":"cond-expr","locations":[{"start":{"line":182,"column":12},"end":{"line":182,"column":25}},{"start":{"line":183,"column":12},"end":{"line":183,"column":31}}]}},"s":{"0":4,"1":4,"2":4,"3":4,"4":4,"5":4,"6":8,"7":1,"8":7,"9":1,"10":6,"11":4,"12":8,"13":8,"14":8,"15":8,"16":8,"17":8,"18":2,"19":8,"20":8,"21":8,"22":21,"23":21,"24":8,"25":0,"26":4,"27":4,"28":4,"29":4,"30":3,"31":3,"32":1,"33":2,"34":1,"35":4,"36":2,"37":2,"38":2,"39":2,"40":2,"41":2,"42":0,"43":4},"f":{"0":8,"1":4,"2":8,"3":4,"4":2,"5":2},"b":{"0":[1,7],"1":[1,6],"2":[2,6],"3":[0,0],"4":[1,2],"5":[1,0],"6":[2,0],"7":[0,0]}}
,"/home/marcelo/www/app-bmc/api-fipe/src/scripts/seed.ts": {"path":"/home/marcelo/www/app-bmc/api-fipe/src/scripts/seed.ts","statementMap":{"0":{"start":{"line":1,"column":0},"end":{"line":1,"column":58}},"1":{"start":{"line":2,"column":0},"end":{"line":2,"column":29}},"2":{"start":{"line":4,"column":15},"end":{"line":4,"column":33}},"3":{"start":{"line":7,"column":2},"end":{"line":7,"column":null}},"4":{"start":{"line":10,"column":24},"end":{"line":10,"column":57}},"5":{"start":{"line":11,"column":20},"end":{"line":23,"column":4}},"6":{"start":{"line":25,"column":2},"end":{"line":25,"column":null}},"7":{"start":{"line":28,"column":19},"end":{"line":76,"column":4}},"8":{"start":{"line":78,"column":2},"end":{"line":78,"column":null}},"9":{"start":{"line":79,"column":2},"end":{"line":81,"column":null}},"10":{"start":{"line":80,"column":4},"end":{"line":80,"column":null}},"11":{"start":{"line":84,"column":26},"end":{"line":84,"column":61}},"12":{"start":{"line":85,"column":27},"end":{"line":85,"column":63}},"13":{"start":{"line":87,"column":22},"end":{"line":99,"column":4}},"14":{"start":{"line":101,"column":23},"end":{"line":113,"column":4}},"15":{"start":{"line":115,"column":2},"end":{"line":115,"column":null}},"16":{"start":{"line":116,"column":2},"end":{"line":116,"column":null}},"17":{"start":{"line":117,"column":2},"end":{"line":117,"column":null}},"18":{"start":{"line":118,"column":2},"end":{"line":118,"column":null}},"19":{"start":{"line":120,"column":2},"end":{"line":120,"column":null}},"20":{"start":{"line":123,"column":0},"end":{"line":131,"column":null}},"21":{"start":{"line":125,"column":4},"end":{"line":125,"column":null}},"22":{"start":{"line":128,"column":4},"end":{"line":128,"column":null}},"23":{"start":{"line":129,"column":4},"end":{"line":129,"column":null}},"24":{"start":{"line":130,"column":4},"end":{"line":130,"column":null}}},"fnMap":{"0":{"name":"main","decl":{"start":{"line":6,"column":15},"end":{"line":6,"column":19}},"loc":{"start":{"line":6,"column":19},"end":{"line":121,"column":1}}},"1":{"name":"(anonymous_2)","decl":{"start":{"line":79,"column":19},"end":{"line":79,"column":20}},"loc":{"start":{"line":79,"column":38},"end":{"line":81,"column":3}}},"2":{"name":"(anonymous_3)","decl":{"start":{"line":124,"column":8},"end":{"line":124,"column":13}},"loc":{"start":{"line":124,"column":19},"end":{"line":126,"column":3}}},"3":{"name":"(anonymous_4)","decl":{"start":{"line":127,"column":9},"end":{"line":127,"column":14}},"loc":{"start":{"line":127,"column":21},"end":{"line":131,"column":3}}}},"branchMap":{},"s":{"0":0,"1":0,"2":0,"3":0,"4":0,"5":0,"6":0,"7":0,"8":0,"9":0,"10":0,"11":0,"12":0,"13":0,"14":0,"15":0,"16":0,"17":0,"18":0,"19":0,"20":0,"21":0,"22":0,"23":0,"24":0},"f":{"0":0,"1":0,"2":0,"3":0},"b":{}}
,"/home/marcelo/www/app-bmc/api-fipe/src/services/patrimony-service.ts": {"path":"/home/marcelo/www/app-bmc/api-fipe/src/services/patrimony-service.ts","statementMap":{"0":{"start":{"line":1,"column":0},"end":{"line":1,"column":58}},"1":{"start":{"line":2,"column":0},"end":{"line":2,"column":72}},"2":{"start":{"line":4,"column":15},"end":{"line":4,"column":33}},"3":{"start":{"line":35,"column":20},"end":{"line":44,"column":6}},"4":{"start":{"line":46,"column":4},"end":{"line":48,"column":5}},"5":{"start":{"line":47,"column":6},"end":{"line":47,"column":null}},"6":{"start":{"line":50,"column":21},"end":{"line":50,"column":23}},"7":{"start":{"line":51,"column":25},"end":{"line":51,"column":26}},"8":{"start":{"line":53,"column":4},"end":{"line":68,"column":5}},"9":{"start":{"line":54,"column":24},"end":{"line":54,"column":73}},"10":{"start":{"line":56,"column":6},"end":{"line":56,"column":64}},"11":{"start":{"line":58,"column":6},"end":{"line":65,"column":null}},"12":{"start":{"line":67,"column":6},"end":{"line":67,"column":null}},"13":{"start":{"line":70,"column":4},"end":{"line":75,"column":null}},"14":{"start":{"line":82,"column":19},"end":{"line":92,"column":6}},"15":{"start":{"line":94,"column":4},"end":{"line":96,"column":5}},"16":{"start":{"line":95,"column":6},"end":{"line":95,"column":null}},"17":{"start":{"line":99,"column":21},"end":{"line":103,"column":null}},"18":{"start":{"line":108,"column":4},"end":{"line":108,"column":72}},"19":{"start":{"line":111,"column":4},"end":{"line":121,"column":null}},"20":{"start":{"line":123,"column":4},"end":{"line":123,"column":null}},"21":{"start":{"line":31,"column":0},"end":{"line":31,"column":13}},"22":{"start":{"line":127,"column":13},"end":{"line":127,"column":null}}},"fnMap":{"0":{"name":"(anonymous_0)","decl":{"start":{"line":33,"column":2},"end":{"line":33,"column":7}},"loc":{"start":{"line":33,"column":51},"end":{"line":76,"column":3}}},"1":{"name":"(anonymous_1)","decl":{"start":{"line":79,"column":10},"end":{"line":79,"column":15}},"loc":{"start":{"line":79,"column":63},"end":{"line":124,"column":3}}}},"branchMap":{"0":{"loc":{"start":{"line":46,"column":4},"end":{"line":48,"column":5}},"type":"if","locations":[{"start":{"line":46,"column":4},"end":{"line":48,"column":5}},{"start":{},"end":{}}]},"1":{"loc":{"start":{"line":94,"column":4},"end":{"line":96,"column":5}},"type":"if","locations":[{"start":{"line":94,"column":4},"end":{"line":96,"column":5}},{"start":{},"end":{}}]}},"s":{"0":0,"1":0,"2":0,"3":0,"4":0,"5":0,"6":0,"7":0,"8":0,"9":0,"10":0,"11":0,"12":0,"13":0,"14":0,"15":0,"16":0,"17":0,"18":0,"19":0,"20":0,"21":0,"22":0},"f":{"0":0,"1":0},"b":{"0":[0,0],"1":[0,0]}}
}
