TN:
SF:src/app.ts
FNF:0
FNH:0
DA:1,0
DA:3,0
LF:2
LH:0
BRF:0
BRH:0
end_of_record
TN:
SF:src/server.ts
FN:13,start
FNF:1
FNH:0
FNDA:0,start
DA:1,0
DA:2,0
DA:3,0
DA:4,0
DA:5,0
DA:6,0
DA:7,0
DA:8,0
DA:9,0
DA:11,0
DA:14,0
DA:16,0
DA:19,0
DA:24,0
DA:27,0
DA:28,0
DA:29,0
DA:30,0
DA:32,0
DA:33,0
DA:35,0
DA:36,0
DA:40,0
LF:23
LH:0
BRF:0
BRH:0
end_of_record
TN:
SF:src/config/axios.ts
FN:21,(anonymous_1)
FN:40,(anonymous_2)
FN:47,(anonymous_3)
FN:57,(anonymous_4)
FNF:4
FNH:0
FNDA:0,(anonymous_1)
FNDA:0,(anonymous_2)
FNDA:0,(anonymous_3)
FNDA:0,(anonymous_4)
DA:1,4
DA:2,4
DA:3,4
DA:6,4
DA:8,4
DA:9,4
DA:11,4
DA:12,4
DA:13,4
DA:15,4
DA:19,4
DA:20,0
DA:22,0
DA:23,0
DA:24,0
DA:25,0
DA:26,0
DA:27,0
DA:30,0
DA:31,0
DA:32,0
DA:33,0
DA:35,0
DA:36,0
DA:38,0
DA:41,0
DA:42,0
DA:46,0
DA:48,0
DA:49,0
DA:50,0
DA:51,0
DA:53,0
DA:55,0
DA:58,0
DA:59,0
DA:60,0
DA:61,0
DA:62,0
DA:64,0
DA:69,4
LF:41
LH:12
BRDA:6,0,0,4
BRDA:6,0,1,0
BRDA:8,1,0,4
BRDA:8,1,1,0
BRDA:19,2,0,0
BRDA:19,2,1,4
BRDA:26,3,0,0
BRDA:26,3,1,0
BRDA:27,4,0,0
BRDA:27,4,1,0
BRDA:30,5,0,0
BRDA:30,5,1,0
BRDA:31,6,0,0
BRDA:31,6,1,0
BRF:14
BRH:3
end_of_record
TN:
SF:src/env/index.ts
FNF:0
FNH:0
DA:1,4
DA:3,4
DA:23,4
DA:25,4
DA:26,0
DA:27,0
DA:30,4
LF:7
LH:5
BRDA:25,0,0,0
BRDA:25,0,1,4
BRF:2
BRH:1
end_of_record
TN:
SF:src/lib/fipe-api.ts
FN:36,(anonymous_0)
FN:45,(anonymous_1)
FN:59,(anonymous_2)
FN:76,(anonymous_3)
FN:93,(anonymous_4)
FNF:5
FNH:0
FNDA:0,(anonymous_0)
FNDA:0,(anonymous_1)
FNDA:0,(anonymous_2)
FNDA:0,(anonymous_3)
FNDA:0,(anonymous_4)
DA:1,0
DA:32,0
DA:33,0
DA:37,0
DA:38,0
DA:39,0
DA:41,0
DA:49,0
DA:50,0
DA:52,0
DA:53,0
DA:55,0
DA:64,0
DA:67,0
DA:69,0
DA:70,0
DA:72,0
DA:82,0
DA:85,0
DA:87,0
DA:88,0
DA:90,0
DA:94,0
DA:98,0
LF:24
LH:0
BRDA:38,0,0,0
BRDA:38,0,1,0
BRDA:52,1,0,0
BRDA:52,1,1,0
BRDA:69,2,0,0
BRDA:69,2,1,0
BRDA:87,3,0,0
BRDA:87,3,1,0
BRF:8
BRH:0
end_of_record
TN:
SF:src/middleware/auth.ts
FN:11,authenticate
FNF:1
FNH:1
FNDA:42,authenticate
DA:1,4
DA:3,4
DA:11,4
DA:15,42
DA:16,42
DA:18,42
DA:19,11
DA:24,31
DA:26,31
DA:27,0
DA:33,31
DA:35,31
DA:37,29
DA:43,2
LF:14
LH:13
BRDA:18,0,0,11
BRDA:18,0,1,31
BRDA:26,1,0,0
BRDA:26,1,1,31
BRDA:33,2,0,31
BRDA:33,2,1,0
BRDA:33,2,2,0
BRF:7
BRH:4
end_of_record
TN:
SF:src/routes/auth.ts
FN:29,authRoutes
FN:31,(anonymous_2)
FN:106,(anonymous_3)
FN:160,(anonymous_4)
FN:186,(anonymous_5)
FNF:5
FNH:5
FNDA:4,authRoutes
FNDA:28,(anonymous_2)
FNDA:3,(anonymous_3)
FNDA:2,(anonymous_4)
FNDA:1,(anonymous_5)
DA:2,4
DA:3,4
DA:4,4
DA:5,4
DA:6,4
DA:8,4
DA:20,4
DA:25,4
DA:29,4
DA:31,4
DA:35,28
DA:36,28
DA:39,26
DA:51,26
DA:52,2
DA:56,24
DA:57,24
DA:58,1
DA:62,23
DA:71,23
DA:74,23
DA:85,23
DA:96,2
DA:106,4
DA:110,3
DA:111,3
DA:114,3
DA:119,3
DA:120,2
DA:126,1
DA:127,0
DA:131,1
DA:140,1
DA:150,0
DA:160,4
DA:164,2
DA:165,2
DA:168,2
DA:172,1
DA:174,1
DA:184,4
DA:187,1
DA:189,1
DA:190,0
DA:194,1
DA:207,1
DA:208,0
DA:211,1
LF:48
LH:44
BRDA:51,0,0,2
BRDA:51,0,1,24
BRDA:51,1,0,26
BRDA:51,1,1,25
BRDA:57,2,0,1
BRDA:57,2,1,23
BRDA:98,3,0,2
BRDA:98,3,1,0
BRDA:119,4,0,2
BRDA:119,4,1,1
BRDA:119,5,0,3
BRDA:119,5,1,2
BRDA:126,6,0,0
BRDA:126,6,1,1
BRDA:152,7,0,0
BRDA:152,7,1,0
BRDA:176,8,0,1
BRDA:176,8,1,0
BRDA:189,9,0,0
BRDA:189,9,1,1
BRDA:189,10,0,1
BRDA:189,10,1,1
BRDA:207,11,0,0
BRDA:207,11,1,1
BRF:24
BRH:17
end_of_record
TN:
SF:src/routes/fipe.ts
FN:6,fipeRoutes
FN:10,(anonymous_2)
FN:44,(anonymous_3)
FN:90,(anonymous_4)
FN:140,(anonymous_5)
FN:170,(anonymous_6)
FN:253,(anonymous_7)
FN:360,(anonymous_8)
FNF:8
FNH:8
FNDA:4,fipeRoutes
FNDA:1,(anonymous_2)
FNDA:5,(anonymous_3)
FNDA:3,(anonymous_4)
FNDA:1,(anonymous_5)
FNDA:3,(anonymous_6)
FNDA:2,(anonymous_7)
FNDA:2,(anonymous_8)
DA:2,4
DA:3,4
DA:4,4
DA:6,4
DA:8,4
DA:11,1
DA:12,1
DA:14,1
DA:27,1
DA:28,1
DA:30,0
DA:32,0
DA:42,4
DA:45,5
DA:46,5
DA:47,5
DA:50,5
DA:51,5
DA:52,1
DA:59,4
DA:66,4
DA:67,4
DA:69,0
DA:71,0
DA:72,0
DA:78,0
DA:88,4
DA:91,3
DA:92,3
DA:96,3
DA:100,3
DA:101,3
DA:102,1
DA:109,2
DA:116,2
DA:117,2
DA:119,0
DA:121,0
DA:122,0
DA:128,0
DA:138,4
DA:141,1
DA:142,1
DA:144,1
DA:146,1
DA:147,1
DA:149,0
DA:151,0
DA:152,0
DA:158,0
DA:168,4
DA:171,3
DA:172,3
DA:178,3
DA:183,3
DA:184,3
DA:185,1
DA:193,2
DA:194,1
DA:201,1
DA:208,1
DA:218,1
DA:228,1
DA:229,1
DA:231,0
DA:233,0
DA:234,0
DA:241,0
DA:251,4
DA:254,2
DA:261,2
DA:262,2
DA:268,2
DA:269,2
DA:270,1
DA:278,1
DA:281,1
DA:288,0
DA:290,0
DA:312,0
DA:316,0
DA:318,0
DA:323,1
DA:326,1
DA:328,1
DA:329,1
DA:336,0
DA:337,0
DA:345,0
DA:349,0
DA:358,4
DA:361,2
DA:367,2
DA:368,2
DA:373,2
DA:374,2
DA:375,1
DA:383,1
DA:387,1
DA:394,0
DA:397,0
DA:398,0
DA:405,0
DA:413,0
DA:418,0
DA:424,1
DA:427,1
DA:428,1
DA:429,1
DA:435,0
DA:436,0
DA:443,0
LF:112
LH:76
BRDA:34,0,0,0
BRDA:34,0,1,0
BRDA:51,1,0,1
BRDA:51,1,1,4
BRDA:71,2,0,0
BRDA:71,2,1,0
BRDA:71,3,0,0
BRDA:71,3,1,0
BRDA:80,4,0,0
BRDA:80,4,1,0
BRDA:101,5,0,1
BRDA:101,5,1,2
BRDA:121,6,0,0
BRDA:121,6,1,0
BRDA:121,7,0,0
BRDA:121,7,1,0
BRDA:130,8,0,0
BRDA:130,8,1,0
BRDA:151,9,0,0
BRDA:151,9,1,0
BRDA:151,10,0,0
BRDA:151,10,1,0
BRDA:160,11,0,0
BRDA:160,11,1,0
BRDA:184,12,0,1
BRDA:184,12,1,2
BRDA:193,13,0,1
BRDA:193,13,1,1
BRDA:193,14,0,2
BRDA:193,14,1,1
BRDA:220,15,0,1
BRDA:220,15,1,0
BRDA:223,16,0,1
BRDA:223,16,1,0
BRDA:233,17,0,0
BRDA:233,17,1,0
BRDA:233,18,0,0
BRDA:233,18,1,0
BRDA:237,19,0,0
BRDA:237,19,1,0
BRDA:243,20,0,0
BRDA:243,20,1,0
BRDA:269,21,0,1
BRDA:269,21,1,1
BRDA:305,22,0,0
BRDA:305,22,1,0
BRDA:326,23,0,1
BRDA:326,23,1,0
BRDA:328,24,0,1
BRDA:328,24,1,0
BRDA:336,25,0,0
BRDA:336,25,1,0
BRDA:345,26,0,0
BRDA:345,26,1,0
BRDA:374,27,0,1
BRDA:374,27,1,1
BRDA:397,28,0,0
BRDA:397,28,1,0
BRDA:427,29,0,1
BRDA:427,29,1,0
BRDA:428,30,0,1
BRDA:428,30,1,0
BRDA:435,31,0,0
BRDA:435,31,1,0
BRF:64
BRH:20
end_of_record
TN:
SF:src/routes/health.ts
FN:4,healthRoutes
FN:6,(anonymous_8)
FN:8,(anonymous_9)
FNF:3
FNH:3
FNDA:4,healthRoutes
FNDA:5,(anonymous_8)
FNDA:5,(anonymous_9)
DA:2,4
DA:4,4
DA:6,4
DA:7,5
DA:8,10
DA:11,5
DA:24,5
DA:25,4
DA:26,4
DA:27,4
DA:28,4
DA:31,4
DA:34,4
DA:53,4
DA:55,0
DA:58,0
DA:81,5
DA:83,5
DA:85,0
DA:87,0
LF:20
LH:16
BRDA:24,0,0,4
BRDA:24,0,1,1
BRDA:43,1,0,4
BRDA:43,1,1,0
BRDA:44,2,0,4
BRDA:44,2,1,0
BRDA:67,3,0,0
BRDA:67,3,1,0
BRDA:68,4,0,0
BRDA:68,4,1,0
BRDA:72,5,0,0
BRDA:72,5,1,0
BRF:12
BRH:4
end_of_record
TN:
SF:src/routes/partners.ts
FN:18,(anonymous_0)
FN:25,partnersRoutes
FN:27,(anonymous_2)
FN:92,(anonymous_3)
FN:133,(anonymous_4)
FN:162,(anonymous_5)
FNF:6
FNH:6
FNDA:8,(anonymous_0)
FNDA:4,partnersRoutes
FNDA:8,(anonymous_2)
FNDA:4,(anonymous_3)
FNDA:2,(anonymous_4)
FNDA:2,(anonymous_5)
DA:2,4
DA:3,4
DA:4,4
DA:6,4
DA:9,4
DA:13,4
DA:19,8
DA:20,7
DA:21,6
DA:25,4
DA:27,4
DA:28,8
DA:30,8
DA:31,8
DA:33,8
DA:34,8
DA:36,8
DA:37,2
DA:40,8
DA:59,8
DA:61,8
DA:62,21
DA:66,21
DA:72,8
DA:82,0
DA:92,4
DA:93,4
DA:95,4
DA:96,4
DA:98,3
DA:117,3
DA:118,1
DA:121,2
DA:123,1
DA:133,4
DA:134,2
DA:136,2
DA:142,2
DA:160,2
DA:163,2
DA:168,2
DA:179,0
LF:42
LH:40
BRDA:19,0,0,1
BRDA:19,0,1,7
BRDA:20,1,0,1
BRDA:20,1,1,6
BRDA:36,2,0,2
BRDA:36,2,1,6
BRDA:84,3,0,0
BRDA:84,3,1,0
BRDA:117,4,0,1
BRDA:117,4,1,2
BRDA:125,5,0,1
BRDA:125,5,1,0
BRDA:160,6,0,2
BRDA:160,6,1,0
BRDA:181,7,0,0
BRDA:181,7,1,0
BRF:16
BRH:10
end_of_record
TN:
SF:src/scripts/seed.ts
FN:6,main
FN:79,(anonymous_2)
FN:124,(anonymous_3)
FN:127,(anonymous_4)
FNF:4
FNH:0
FNDA:0,main
FNDA:0,(anonymous_2)
FNDA:0,(anonymous_3)
FNDA:0,(anonymous_4)
DA:1,0
DA:2,0
DA:4,0
DA:7,0
DA:10,0
DA:11,0
DA:25,0
DA:28,0
DA:78,0
DA:79,0
DA:80,0
DA:84,0
DA:85,0
DA:87,0
DA:101,0
DA:115,0
DA:116,0
DA:117,0
DA:118,0
DA:120,0
DA:123,0
DA:125,0
DA:128,0
DA:129,0
DA:130,0
LF:25
LH:0
BRF:0
BRH:0
end_of_record
TN:
SF:src/services/patrimony-service.ts
FN:33,(anonymous_0)
FN:79,(anonymous_1)
FNF:2
FNH:0
FNDA:0,(anonymous_0)
FNDA:0,(anonymous_1)
DA:1,0
DA:2,0
DA:4,0
DA:31,0
DA:35,0
DA:46,0
DA:47,0
DA:50,0
DA:51,0
DA:53,0
DA:54,0
DA:56,0
DA:58,0
DA:67,0
DA:70,0
DA:82,0
DA:94,0
DA:95,0
DA:99,0
DA:108,0
DA:111,0
DA:123,0
DA:127,0
LF:23
LH:0
BRDA:46,0,0,0
BRDA:46,0,1,0
BRDA:94,1,0,0
BRDA:94,1,1,0
BRF:4
BRH:0
end_of_record
